0 info it worked if it ends with ok
1 verbose cli [ '/usr/local/bin/node', '/usr/local/bin/npm', 'run', 'test' ]
2 info using npm@3.3.12
3 info using node@v5.4.0
4 verbose run-script [ 'pretest', 'test', 'posttest' ]
5 info lifecycle jandas@0.1.0~pretest: jandas@0.1.0
6 silly lifecycle jandas@0.1.0~pretest: no script for pretest, continuing
7 info lifecycle jandas@0.1.0~test: jandas@0.1.0
8 verbose lifecycle jandas@0.1.0~test: unsafe-perm in lifecycle true
9 verbose lifecycle jandas@0.1.0~test: PATH: /usr/local/lib/node_modules/npm/bin/node-gyp-bin:/Users/qn/Documents/NuMedii_mac/Jandas/jandas/node_modules/.bin:/usr/local/bin:/usr/bin:/bin:/usr/sbin:/sbin:/Library/TeX/texbin:/opt/X11/bin:/Users/qn/anaconda3/bin:/Users/qn/anaconda3/condabin
10 verbose lifecycle jandas@0.1.0~test: CWD: /Users/qn/Documents/NuMedii_mac/Jandas/jandas
11 silly lifecycle jandas@0.1.0~test: Args: [ '-c', 'jest' ]
12 silly lifecycle jandas@0.1.0~test: Returned: code: 1  signal: null
13 info lifecycle jandas@0.1.0~test: Failed to exec test script
14 verbose stack Error: jandas@0.1.0 test: `jest`
14 verbose stack Exit status 1
14 verbose stack     at EventEmitter.<anonymous> (/usr/local/lib/node_modules/npm/lib/utils/lifecycle.js:232:16)
14 verbose stack     at emitTwo (events.js:87:13)
14 verbose stack     at EventEmitter.emit (events.js:172:7)
14 verbose stack     at ChildProcess.<anonymous> (/usr/local/lib/node_modules/npm/lib/utils/spawn.js:24:14)
14 verbose stack     at emitTwo (events.js:87:13)
14 verbose stack     at ChildProcess.emit (events.js:172:7)
14 verbose stack     at maybeClose (internal/child_process.js:821:16)
14 verbose stack     at Process.ChildProcess._handle.onexit (internal/child_process.js:211:5)
15 verbose pkgid jandas@0.1.0
16 verbose cwd /Users/qn/Documents/NuMedii_mac/Jandas/jandas
17 error Darwin 20.6.0
18 error argv "/usr/local/bin/node" "/usr/local/bin/npm" "run" "test"
19 error node v5.4.0
20 error npm  v3.3.12
21 error code ELIFECYCLE
22 error jandas@0.1.0 test: `jest`
22 error Exit status 1
23 error Failed at the jandas@0.1.0 test script 'jest'.
23 error Make sure you have the latest version of node.js and npm installed.
23 error If you do, this is most likely a problem with the jandas package,
23 error not with npm itself.
23 error Tell the author that this fails on your system:
23 error     jest
23 error You can get their info via:
23 error     npm owner ls jandas
23 error There is likely additional logging output above.
24 verbose exit [ 1, true ]
